Command line:
   musicplayer_isim_beh.exe
     -simmode  gui
     -simrunnum  0
     -socket  50978

Tue Oct 29 11:59:34 2019


 Elaboration Time: 0.078125 sec

 Current Memory Usage: 5172.73 Meg

 Total Signals          : 110
 Total Nets             : 16703
 Total Signal Drivers   : 52
 Total Blocks           : 19
 Total Primitive Blocks : 18
 Total Processes        : 45
 Total Traceable Variables  : 10
 Total Scalar Nets and Variables : 17081
Total Line Count : 2356

 Total Simulation Time: 0.203125 sec

 Current Memory Usage: 5172.73 Meg

Tue Oct 29 12:00:01 2019

