Running: fuse.exe -relaunch -intstyle "ise" -incremental -o "C:/Users/jorilla/musicplayer/tempocontrol/I2C_master_test_isim_beh.exe" -prj "C:/Users/jorilla/musicplayer/tempocontrol/I2C_master_test_beh.prj" "work.I2C_master_test" 
ISim P.20131013 (signature 0x7708f090)
Number of CPUs detected in this system: 8
Turning on mult-threading, number of parallel sub-compilation jobs: 16 
Determining compilation order of HDL files
Parsing VHDL file "C:/Users/jorilla/musicplayer/tempocontrol/../../Downloads/comp3601-master/I2C_Master.vhd" into library work
Parsing VHDL file "C:/Users/jorilla/musicplayer/tempocontrol/../../Downloads/comp3601-master/I2C_master_test.vhd" into library work
Starting static elaboration
Completed static elaboration
Compiling package standard
Compiling package std_logic_1164
Compiling package numeric_std
Compiling architecture behavioral of entity I2C_master [i2c_master_default]
Compiling architecture behavior of entity i2c_master_test
Time Resolution for simulation is 1ps.
Waiting for 1 sub-compilation(s) to finish...
Compiled 6 VHDL Units
Built simulation executable C:/Users/jorilla/musicplayer/tempocontrol/I2C_master_test_isim_beh.exe
Fuse Memory Usage: 35824 KB
Fuse CPU Usage: 437 ms
